mode: set
github.com/achal1304/simple_bank/api/account.go:17.55,19.49 2 0
github.com/achal1304/simple_bank/api/account.go:19.49,22.3 2 0
github.com/achal1304/simple_bank/api/account.go:24.2,31.16 3 0
github.com/achal1304/simple_bank/api/account.go:31.16,34.3 2 0
github.com/achal1304/simple_bank/api/account.go:36.2,36.34 1 0
github.com/achal1304/simple_bank/api/account.go:43.52,45.48 2 1
github.com/achal1304/simple_bank/api/account.go:45.48,48.3 2 1
github.com/achal1304/simple_bank/api/account.go:50.2,51.16 2 1
github.com/achal1304/simple_bank/api/account.go:51.16,52.27 1 1
github.com/achal1304/simple_bank/api/account.go:52.27,55.4 2 0
github.com/achal1304/simple_bank/api/account.go:57.3,58.9 2 1
github.com/achal1304/simple_bank/api/account.go:61.2,61.34 1 1
github.com/achal1304/simple_bank/api/account.go:69.54,71.50 2 0
github.com/achal1304/simple_bank/api/account.go:71.50,74.3 2 0
github.com/achal1304/simple_bank/api/account.go:76.2,83.16 3 0
github.com/achal1304/simple_bank/api/account.go:83.16,86.3 2 0
github.com/achal1304/simple_bank/api/account.go:88.2,88.35 1 0
github.com/achal1304/simple_bank/api/server.go:14.40,24.2 7 1
github.com/achal1304/simple_bank/api/server.go:27.51,29.2 1 0
github.com/achal1304/simple_bank/api/server.go:31.37,33.2 1 1
github.com/achal1304/simple_bank/db/sqlc/account.sql.go:24.104,35.2 4 1
github.com/achal1304/simple_bank/db/sqlc/account.sql.go:53.96,64.2 4 1
github.com/achal1304/simple_bank/db/sqlc/account.sql.go:71.70,74.2 2 1
github.com/achal1304/simple_bank/db/sqlc/account.sql.go:82.78,93.2 4 1
github.com/achal1304/simple_bank/db/sqlc/account.sql.go:101.87,112.2 4 0
github.com/achal1304/simple_bank/db/sqlc/account.sql.go:128.96,130.16 2 1
github.com/achal1304/simple_bank/db/sqlc/account.sql.go:130.16,132.3 1 0
github.com/achal1304/simple_bank/db/sqlc/account.sql.go:133.2,135.18 3 1
github.com/achal1304/simple_bank/db/sqlc/account.sql.go:135.18,143.17 2 1
github.com/achal1304/simple_bank/db/sqlc/account.sql.go:143.17,145.4 1 0
github.com/achal1304/simple_bank/db/sqlc/account.sql.go:146.3,146.27 1 1
github.com/achal1304/simple_bank/db/sqlc/account.sql.go:148.2,148.37 1 1
github.com/achal1304/simple_bank/db/sqlc/account.sql.go:148.37,150.3 1 0
github.com/achal1304/simple_bank/db/sqlc/account.sql.go:151.2,151.35 1 1
github.com/achal1304/simple_bank/db/sqlc/account.sql.go:151.35,153.3 1 0
github.com/achal1304/simple_bank/db/sqlc/account.sql.go:154.2,154.19 1 1
github.com/achal1304/simple_bank/db/sqlc/account.sql.go:169.96,180.2 4 1
github.com/achal1304/simple_bank/db/sqlc/db.go:19.28,21.2 1 1
github.com/achal1304/simple_bank/db/sqlc/db.go:27.47,31.2 1 0
github.com/achal1304/simple_bank/db/sqlc/entry.sql.go:26.90,36.2 4 1
github.com/achal1304/simple_bank/db/sqlc/entry.sql.go:43.74,53.2 4 1
github.com/achal1304/simple_bank/db/sqlc/entry.sql.go:69.92,71.16 2 1
github.com/achal1304/simple_bank/db/sqlc/entry.sql.go:71.16,73.3 1 0
github.com/achal1304/simple_bank/db/sqlc/entry.sql.go:74.2,76.18 3 1
github.com/achal1304/simple_bank/db/sqlc/entry.sql.go:76.18,83.17 2 1
github.com/achal1304/simple_bank/db/sqlc/entry.sql.go:83.17,85.4 1 0
github.com/achal1304/simple_bank/db/sqlc/entry.sql.go:86.3,86.27 1 1
github.com/achal1304/simple_bank/db/sqlc/entry.sql.go:88.2,88.37 1 1
github.com/achal1304/simple_bank/db/sqlc/entry.sql.go:88.37,90.3 1 0
github.com/achal1304/simple_bank/db/sqlc/entry.sql.go:91.2,91.35 1 1
github.com/achal1304/simple_bank/db/sqlc/entry.sql.go:91.35,93.3 1 0
github.com/achal1304/simple_bank/db/sqlc/entry.sql.go:94.2,94.19 1 1
github.com/achal1304/simple_bank/db/sqlc/store.go:20.33,25.2 1 1
github.com/achal1304/simple_bank/db/sqlc/store.go:27.83,29.16 2 1
github.com/achal1304/simple_bank/db/sqlc/store.go:29.16,31.3 1 0
github.com/achal1304/simple_bank/db/sqlc/store.go:32.2,34.16 3 1
github.com/achal1304/simple_bank/db/sqlc/store.go:34.16,35.43 1 0
github.com/achal1304/simple_bank/db/sqlc/store.go:35.43,37.4 1 0
github.com/achal1304/simple_bank/db/sqlc/store.go:38.3,38.13 1 0
github.com/achal1304/simple_bank/db/sqlc/store.go:41.2,41.20 1 1
github.com/achal1304/simple_bank/db/sqlc/store.go:65.104,68.50 2 1
github.com/achal1304/simple_bank/db/sqlc/store.go:68.50,78.17 5 1
github.com/achal1304/simple_bank/db/sqlc/store.go:78.17,80.4 1 0
github.com/achal1304/simple_bank/db/sqlc/store.go:82.3,87.17 3 1
github.com/achal1304/simple_bank/db/sqlc/store.go:87.17,89.4 1 0
github.com/achal1304/simple_bank/db/sqlc/store.go:91.3,96.17 3 1
github.com/achal1304/simple_bank/db/sqlc/store.go:96.17,98.4 1 0
github.com/achal1304/simple_bank/db/sqlc/store.go:100.3,100.42 1 1
github.com/achal1304/simple_bank/db/sqlc/store.go:100.42,103.4 2 1
github.com/achal1304/simple_bank/db/sqlc/store.go:103.9,106.4 2 1
github.com/achal1304/simple_bank/db/sqlc/store.go:108.3,108.13 1 1
github.com/achal1304/simple_bank/db/sqlc/store.go:110.2,110.20 1 1
github.com/achal1304/simple_bank/db/sqlc/store.go:120.51,125.16 2 1
github.com/achal1304/simple_bank/db/sqlc/store.go:125.16,127.3 1 0
github.com/achal1304/simple_bank/db/sqlc/store.go:129.2,133.8 2 1
github.com/achal1304/simple_bank/db/sqlc/transfer.sql.go:28.99,39.2 4 1
github.com/achal1304/simple_bank/db/sqlc/transfer.sql.go:46.80,57.2 4 1
github.com/achal1304/simple_bank/db/sqlc/transfer.sql.go:76.99,83.16 2 1
github.com/achal1304/simple_bank/db/sqlc/transfer.sql.go:83.16,85.3 1 0
github.com/achal1304/simple_bank/db/sqlc/transfer.sql.go:86.2,88.18 3 1
github.com/achal1304/simple_bank/db/sqlc/transfer.sql.go:88.18,96.17 2 1
github.com/achal1304/simple_bank/db/sqlc/transfer.sql.go:96.17,98.4 1 0
github.com/achal1304/simple_bank/db/sqlc/transfer.sql.go:99.3,99.27 1 1
github.com/achal1304/simple_bank/db/sqlc/transfer.sql.go:101.2,101.37 1 1
github.com/achal1304/simple_bank/db/sqlc/transfer.sql.go:101.37,103.3 1 0
github.com/achal1304/simple_bank/db/sqlc/transfer.sql.go:104.2,104.35 1 1
github.com/achal1304/simple_bank/db/sqlc/transfer.sql.go:104.35,106.3 1 0
github.com/achal1304/simple_bank/db/sqlc/transfer.sql.go:107.2,107.19 1 1
